{"/Users/iw/Desktop/Academy2021/Mini-Project-connect-4/pureFunctions.js": {"path":"/Users/iw/Desktop/Academy2021/Mini-Project-connect-4/pureFunctions.js","statementMap":{"0":{"start":{"line":3,"column":4},"end":{"line":7,"column":5}},"1":{"start":{"line":4,"column":8},"end":{"line":4,"column":21}},"2":{"start":{"line":5,"column":11},"end":{"line":7,"column":5}},"3":{"start":{"line":6,"column":8},"end":{"line":6,"column":21}},"4":{"start":{"line":8,"column":4},"end":{"line":8,"column":20}},"5":{"start":{"line":14,"column":4},"end":{"line":18,"column":5}},"6":{"start":{"line":15,"column":8},"end":{"line":15,"column":26}},"7":{"start":{"line":16,"column":11},"end":{"line":18,"column":5}},"8":{"start":{"line":17,"column":8},"end":{"line":17,"column":29}},"9":{"start":{"line":19,"column":4},"end":{"line":19,"column":21}},"10":{"start":{"line":23,"column":15},"end":{"line":23,"column":43}},"11":{"start":{"line":23,"column":28},"end":{"line":23,"column":43}},"12":{"start":{"line":26,"column":14},"end":{"line":26,"column":16}},"13":{"start":{"line":28,"column":4},"end":{"line":30,"column":5}},"14":{"start":{"line":29,"column":8},"end":{"line":29,"column":39}},"15":{"start":{"line":31,"column":4},"end":{"line":31,"column":14}},"16":{"start":{"line":36,"column":4},"end":{"line":43,"column":5}},"17":{"start":{"line":36,"column":17},"end":{"line":36,"column":18}},"18":{"start":{"line":37,"column":32},"end":{"line":37,"column":53}},"19":{"start":{"line":38,"column":8},"end":{"line":42,"column":9}},"20":{"start":{"line":38,"column":21},"end":{"line":38,"column":22}},"21":{"start":{"line":39,"column":12},"end":{"line":41,"column":13}},"22":{"start":{"line":40,"column":16},"end":{"line":40,"column":27}},"23":{"start":{"line":48,"column":4},"end":{"line":52,"column":5}},"24":{"start":{"line":48,"column":17},"end":{"line":48,"column":18}},"25":{"start":{"line":49,"column":8},"end":{"line":51,"column":9}},"26":{"start":{"line":50,"column":12},"end":{"line":50,"column":23}},"27":{"start":{"line":53,"column":4},"end":{"line":53,"column":16}},"28":{"start":{"line":59,"column":14},"end":{"line":59,"column":43}},"29":{"start":{"line":61,"column":4},"end":{"line":65,"column":5}},"30":{"start":{"line":62,"column":8},"end":{"line":64,"column":9}},"31":{"start":{"line":63,"column":12},"end":{"line":63,"column":23}},"32":{"start":{"line":66,"column":4},"end":{"line":66,"column":16}},"33":{"start":{"line":71,"column":22},"end":{"line":71,"column":82}},"34":{"start":{"line":72,"column":22},"end":{"line":72,"column":97}},"35":{"start":{"line":73,"column":24},"end":{"line":73,"column":116}},"36":{"start":{"line":74,"column":23},"end":{"line":74,"column":115}},"37":{"start":{"line":75,"column":23},"end":{"line":75,"column":98}},"38":{"start":{"line":76,"column":22},"end":{"line":76,"column":81}},"39":{"start":{"line":77,"column":24},"end":{"line":77,"column":83}},"40":{"start":{"line":78,"column":24},"end":{"line":78,"column":99}},"41":{"start":{"line":79,"column":23},"end":{"line":79,"column":113}},"42":{"start":{"line":80,"column":22},"end":{"line":80,"column":112}},"43":{"start":{"line":81,"column":25},"end":{"line":81,"column":99}},"44":{"start":{"line":82,"column":25},"end":{"line":82,"column":84}},"45":{"start":{"line":83,"column":29},"end":{"line":83,"column":194}},"46":{"start":{"line":84,"column":4},"end":{"line":84,"column":29}},"47":{"start":{"line":87,"column":0},"end":{"line":87,"column":133}}},"fnMap":{"0":{"name":"setPlayer","decl":{"start":{"line":1,"column":9},"end":{"line":1,"column":18}},"loc":{"start":{"line":1,"column":29},"end":{"line":10,"column":1}},"line":1},"1":{"name":"setCounter","decl":{"start":{"line":12,"column":9},"end":{"line":12,"column":19}},"loc":{"start":{"line":12,"column":30},"end":{"line":21,"column":1}},"line":12},"2":{"name":"(anonymous_2)","decl":{"start":{"line":23,"column":15},"end":{"line":23,"column":16}},"loc":{"start":{"line":23,"column":28},"end":{"line":23,"column":43}},"line":23},"3":{"name":"createRow","decl":{"start":{"line":25,"column":9},"end":{"line":25,"column":18}},"loc":{"start":{"line":25,"column":40},"end":{"line":32,"column":1}},"line":25},"4":{"name":"checkDiagonalWin","decl":{"start":{"line":34,"column":9},"end":{"line":34,"column":25}},"loc":{"start":{"line":34,"column":47},"end":{"line":44,"column":1}},"line":34},"5":{"name":"checkVerticalWin","decl":{"start":{"line":46,"column":9},"end":{"line":46,"column":25}},"loc":{"start":{"line":46,"column":43},"end":{"line":55,"column":1}},"line":46},"6":{"name":"checkHorizontalWin","decl":{"start":{"line":57,"column":9},"end":{"line":57,"column":27}},"loc":{"start":{"line":57,"column":49},"end":{"line":67,"column":1}},"line":57},"7":{"name":"getDiagonalArrays","decl":{"start":{"line":69,"column":9},"end":{"line":69,"column":26}},"loc":{"start":{"line":69,"column":35},"end":{"line":85,"column":1}},"line":69}},"branchMap":{"0":{"loc":{"start":{"line":3,"column":4},"end":{"line":7,"column":5}},"type":"if","locations":[{"start":{"line":3,"column":4},"end":{"line":7,"column":5}},{"start":{"line":3,"column":4},"end":{"line":7,"column":5}}],"line":3},"1":{"loc":{"start":{"line":5,"column":11},"end":{"line":7,"column":5}},"type":"if","locations":[{"start":{"line":5,"column":11},"end":{"line":7,"column":5}},{"start":{"line":5,"column":11},"end":{"line":7,"column":5}}],"line":5},"2":{"loc":{"start":{"line":14,"column":4},"end":{"line":18,"column":5}},"type":"if","locations":[{"start":{"line":14,"column":4},"end":{"line":18,"column":5}},{"start":{"line":14,"column":4},"end":{"line":18,"column":5}}],"line":14},"3":{"loc":{"start":{"line":16,"column":11},"end":{"line":18,"column":5}},"type":"if","locations":[{"start":{"line":16,"column":11},"end":{"line":18,"column":5}},{"start":{"line":16,"column":11},"end":{"line":18,"column":5}}],"line":16},"4":{"loc":{"start":{"line":39,"column":12},"end":{"line":41,"column":13}},"type":"if","locations":[{"start":{"line":39,"column":12},"end":{"line":41,"column":13}},{"start":{"line":39,"column":12},"end":{"line":41,"column":13}}],"line":39},"5":{"loc":{"start":{"line":39,"column":16},"end":{"line":39,"column":188}},"type":"binary-expr","locations":[{"start":{"line":39,"column":16},"end":{"line":39,"column":43}},{"start":{"line":39,"column":47},"end":{"line":39,"column":90}},{"start":{"line":39,"column":94},"end":{"line":39,"column":139}},{"start":{"line":39,"column":143},"end":{"line":39,"column":188}}],"line":39},"6":{"loc":{"start":{"line":49,"column":8},"end":{"line":51,"column":9}},"type":"if","locations":[{"start":{"line":49,"column":8},"end":{"line":51,"column":9}},{"start":{"line":49,"column":8},"end":{"line":51,"column":9}}],"line":49},"7":{"loc":{"start":{"line":49,"column":12},"end":{"line":49,"column":184}},"type":"binary-expr","locations":[{"start":{"line":49,"column":12},"end":{"line":49,"column":39}},{"start":{"line":49,"column":43},"end":{"line":49,"column":86}},{"start":{"line":49,"column":90},"end":{"line":49,"column":135}},{"start":{"line":49,"column":139},"end":{"line":49,"column":184}}],"line":49},"8":{"loc":{"start":{"line":62,"column":8},"end":{"line":64,"column":9}},"type":"if","locations":[{"start":{"line":62,"column":8},"end":{"line":64,"column":9}},{"start":{"line":62,"column":8},"end":{"line":64,"column":9}}],"line":62},"9":{"loc":{"start":{"line":62,"column":12},"end":{"line":62,"column":100}},"type":"binary-expr","locations":[{"start":{"line":62,"column":12},"end":{"line":62,"column":27}},{"start":{"line":62,"column":31},"end":{"line":62,"column":50}},{"start":{"line":62,"column":54},"end":{"line":62,"column":75}},{"start":{"line":62,"column":79},"end":{"line":62,"column":100}}],"line":62}},"s":{"0":2,"1":1,"2":1,"3":1,"4":2,"5":2,"6":1,"7":1,"8":1,"9":2,"10":1,"11":2,"12":4,"13":4,"14":28,"15":4,"16":0,"17":0,"18":0,"19":0,"20":0,"21":0,"22":0,"23":3,"24":3,"25":13,"26":1,"27":2,"28":3,"29":3,"30":15,"31":1,"32":2,"33":0,"34":0,"35":0,"36":0,"37":0,"38":0,"39":0,"40":0,"41":0,"42":0,"43":0,"44":0,"45":0,"46":0,"47":1},"f":{"0":2,"1":2,"2":2,"3":4,"4":0,"5":3,"6":3,"7":0},"b":{"0":[1,1],"1":[1,0],"2":[1,1],"3":[1,0],"4":[0,0],"5":[0,0,0,0],"6":[1,12],"7":[13,9,1,1],"8":[1,14],"9":[15,5,3,1]},"_coverageSchema":"1a1c01bbd47fc00a2c39e90264f33305004495a9","hash":"416087cf5da68bafc0f272c0039da97d7c63c85a"}
}
