TN:
SF:pureFunctions.js
FN:1,setPlayer
FN:12,setCounter
FN:23,(anonymous_2)
FN:25,createRow
FN:34,checkDiagonalWin
FN:46,checkVerticalWin
FN:57,checkHorizontalWin
FN:69,getDiagonalArrays
FNF:8
FNH:6
FNDA:2,setPlayer
FNDA:2,setCounter
FNDA:2,(anonymous_2)
FNDA:4,createRow
FNDA:0,checkDiagonalWin
FNDA:3,checkVerticalWin
FNDA:3,checkHorizontalWin
FNDA:0,getDiagonalArrays
DA:3,2
DA:4,1
DA:5,1
DA:6,1
DA:8,2
DA:14,2
DA:15,1
DA:16,1
DA:17,1
DA:19,2
DA:23,2
DA:26,4
DA:28,4
DA:29,28
DA:31,4
DA:36,0
DA:37,0
DA:38,0
DA:39,0
DA:40,0
DA:48,3
DA:49,13
DA:50,1
DA:53,2
DA:59,3
DA:61,3
DA:62,15
DA:63,1
DA:66,2
DA:71,0
DA:72,0
DA:73,0
DA:74,0
DA:75,0
DA:76,0
DA:77,0
DA:78,0
DA:79,0
DA:80,0
DA:81,0
DA:82,0
DA:83,0
DA:84,0
DA:87,1
LF:44
LH:25
BRDA:3,0,0,1
BRDA:3,0,1,1
BRDA:5,1,0,1
BRDA:5,1,1,0
BRDA:14,2,0,1
BRDA:14,2,1,1
BRDA:16,3,0,1
BRDA:16,3,1,0
BRDA:39,4,0,0
BRDA:39,4,1,0
BRDA:39,5,0,0
BRDA:39,5,1,0
BRDA:39,5,2,0
BRDA:39,5,3,0
BRDA:49,6,0,1
BRDA:49,6,1,12
BRDA:49,7,0,13
BRDA:49,7,1,9
BRDA:49,7,2,1
BRDA:49,7,3,1
BRDA:62,8,0,1
BRDA:62,8,1,14
BRDA:62,9,0,15
BRDA:62,9,1,5
BRDA:62,9,2,3
BRDA:62,9,3,1
BRF:26
BRH:18
end_of_record
